<?xml version="1.0" encoding="UTF-8"?>
<!-- Generated by org.testng.reporters.JUnitXMLReporter -->
<testsuite ignored="0" hostname="DESKTOP-RNG7BRA" failures="1" tests="11" name="LoginTest" time="75.014" errors="0" timestamp="2022-03-15T18:40:05 IST">
  <testcase classname="test.LoginTest" name="open_the_LoginPage_Url" time="40.42"/>
  <testcase classname="test.LoginTest" name="enter_valid_username_and_invalid_password" time="4.767"/>
  <testcase classname="test.LoginTest" name="enter_invalid_username_and_valid_password" time="4.217"/>
  <testcase classname="test.LoginTest" name="enter_valid_username_and_empty_password" time="4.194"/>
  <testcase classname="test.LoginTest" name="enter_invalid_username_and_empty_password" time="4.167"/>
  <testcase classname="test.LoginTest" name="enter_empty_username_and_valid_password" time="4.167"/>
  <testcase classname="test.LoginTest" name="enter_empty_username_and_invalid_password" time="4.182"/>
  <testcase classname="test.LoginTest" name="enter_empty_username_and_empty_password" time="4.171"/>
  <testcase classname="test.LoginTest" name="enter_invalid_username_and_invalid_password" time="4.209"/>
  <testcase classname="test.LoginTest" name="enter_valid_username_and_valid_password" time="0.195">
    <failure type="java.lang.NullPointerException" message="Cannot invoke &amp;quot;org.apache.poi.ss.usermodel.Sheet.getRow(int)&amp;quot; because the return value of &amp;quot;org.apache.poi.ss.usermodel.Workbook.getSheet(String)&amp;quot; is null">
      <![CDATA[java.lang.NullPointerException: Cannot invoke "org.apache.poi.ss.usermodel.Sheet.getRow(int)" because the return value of "org.apache.poi.ss.usermodel.Workbook.getSheet(String)" is null
at test.LoginTest.enter_valid_username_and_valid_password(LoginTest.java:143)
at java.base/java.util.ArrayList.forEach(ArrayList.java:1511)
... Removed 27 stack frames]]>
    </failure>
  </testcase> <!-- enter_valid_username_and_valid_password -->
  <testcase classname="test.LoginTest" name="enter_valid_username_and_invalid_password1" time="0.266"/>
</testsuite> <!-- LoginTest -->
